Outliers:

       O_1=   0.10734613
              (  8.65)
       O_2=  -0.09112478
              ( -7.06)
       O_3=  -0.02661121
              ( -2.14)
Output:

       g_y=   0.00832747
              ( 26.08)
sigma_{gw}=   0.00461953
              (  7.14)
    theta1=   0.76362734
              ( 20.21)
    theta2=   0.22789213
              (  3.31)
sigma_{yw1}=   0.00904652
              (  7.70)
sigma_{yw2}=   0.00290046
              (  5.21)
Unemployment:

sigma_{uw}=   0.00166875
              (  3.67)
      phiu=   0.43841513
              ( 10.46)
      phi0=  -0.29892927
              (-14.38)
      phi1=   0.00000000
              (   NaN)
      phi2=   0.00000000
              (   NaN)
sigma_{uv}=   0.00122231
              (  6.07)
Investment:

sigma_{xw}=   0.00246981
              (  1.89)
     betai=   0.85300539
              ( 14.86)
     beta0=   0.63787059
              ( 12.64)
     beta1=  -0.62226925
              (-12.23)
sigma_{xv}=   0.00493888
              (  8.08)
Inflation:

sigma_{pw1}=  0.00696308
              (  3.22)
sigma_{pw2}=  0.01621760
              (  4.38)
sigma_{pw3}=  0.00338651
              (  1.99)
        mu1=  0.15639791
              (  2.07)
        mu2= -0.14439033
              ( -2.38)
        mu3=  0.25847087
              (  4.89)
        mu4= -0.14061586
              ( -2.77)
       etay=  0.27449388
              (  3.07)
sigma_{pv}=   0.01043903